2026-07-20 13:16:44,850 - INFO - Dataset uploaded successfully.
2026-07-20 13:16:44,851 - INFO - Rows : 1000
2026-07-20 13:16:44,851 - INFO - Columns : 9
2026-07-20 13:21:01,291 - INFO - Dataset uploaded successfully.
2026-07-20 13:21:01,291 - INFO - Rows : 1000
2026-07-20 13:21:01,291 - INFO - Columns : 9
2026-07-20 13:22:48,628 - INFO - Dataset uploaded successfully.
2026-07-20 13:22:48,628 - INFO - Rows : 1000
2026-07-20 13:22:48,628 - INFO - Columns : 9
2026-07-20 13:25:59,117 - INFO - Dataset uploaded successfully.
2026-07-20 13:25:59,117 - INFO - Rows : 1000
2026-07-20 13:25:59,117 - INFO - Columns : 9
2026-07-20 13:32:40,193 - INFO - Dataset uploaded successfully.
2026-07-20 13:32:40,193 - INFO - Rows : 1000
2026-07-20 13:32:40,193 - INFO - Columns : 9
2026-07-20 14:35:02,559 - INFO - Dataset uploaded successfully.
2026-07-20 14:35:02,559 - INFO - Rows : 1000
2026-07-20 14:35:02,559 - INFO - Columns : 9
2026-07-20 14:35:11,799 - INFO - Dataset uploaded successfully.
2026-07-20 14:35:11,799 - INFO - Rows : 1000
2026-07-20 14:35:11,799 - INFO - Columns : 9
2026-07-20 14:35:14,261 - INFO - Dataset uploaded successfully.
2026-07-20 14:35:14,261 - INFO - Rows : 1000
2026-07-20 14:35:14,261 - INFO - Columns : 9
2026-07-20 14:35:20,230 - INFO - Dataset uploaded successfully.
2026-07-20 14:35:20,230 - INFO - Rows : 1000
2026-07-20 14:35:20,231 - INFO - Columns : 9
2026-07-20 14:35:28,179 - INFO - Dataset uploaded successfully.
2026-07-20 14:35:28,179 - INFO - Rows : 1000
2026-07-20 14:35:28,179 - INFO - Columns : 9
2026-07-20 15:07:53,958 - INFO - Dataset uploaded successfully.
2026-07-20 15:07:53,958 - INFO - Rows : 1000
2026-07-20 15:07:53,958 - INFO - Columns : 9
2026-07-20 15:20:20,832 - INFO - Dataset uploaded successfully.
2026-07-20 15:20:20,833 - INFO - Rows : 1000
2026-07-20 15:20:20,833 - INFO - Columns : 9
2026-07-20 15:20:26,796 - INFO - Dataset uploaded successfully.
2026-07-20 15:20:26,796 - INFO - Rows : 1000
2026-07-20 15:20:26,796 - INFO - Columns : 9
2026-07-20 15:20:33,183 - INFO - Dataset uploaded successfully.
2026-07-20 15:20:33,183 - INFO - Rows : 1000
2026-07-20 15:20:33,183 - INFO - Columns : 9
2026-07-20 15:20:42,367 - INFO - Dataset uploaded successfully.
2026-07-20 15:20:42,367 - INFO - Rows : 1000
2026-07-20 15:20:42,367 - INFO - Columns : 9
2026-07-20 15:20:48,033 - INFO - Dataset uploaded successfully.
2026-07-20 15:20:48,033 - INFO - Rows : 1000
2026-07-20 15:20:48,033 - INFO - Columns : 9
2026-07-20 15:20:48,831 - INFO - Dataset uploaded successfully.
2026-07-20 15:20:48,831 - INFO - Rows : 1000
2026-07-20 15:20:48,832 - INFO - Columns : 9
2026-07-20 15:24:31,381 - INFO - Dataset uploaded successfully.
2026-07-20 15:24:31,381 - INFO - Rows : 8
2026-07-20 15:24:31,381 - INFO - Columns : 6
2026-07-20 15:26:02,850 - INFO - Dataset uploaded successfully.
2026-07-20 15:26:02,850 - INFO - Rows : 1000
2026-07-20 15:26:02,850 - INFO - Columns : 9
2026-07-20 15:32:07,109 - INFO - Dataset uploaded successfully.
2026-07-20 15:32:07,110 - INFO - Rows : 1000
2026-07-20 15:32:07,110 - INFO - Columns : 10
2026-07-20 15:32:32,656 - INFO - Dataset uploaded successfully.
2026-07-20 15:32:32,657 - INFO - Rows : 5
2026-07-20 15:32:32,657 - INFO - Columns : 4
2026-07-20 15:33:01,363 - INFO - Dataset uploaded successfully.
2026-07-20 15:33:01,364 - INFO - Rows : 4
2026-07-20 15:33:01,364 - INFO - Columns : 4
2026-07-20 15:34:35,307 - INFO - Dataset uploaded successfully.
2026-07-20 15:34:35,307 - INFO - Rows : 5
2026-07-20 15:34:35,307 - INFO - Columns : 2
2026-07-20 15:35:07,023 - INFO - Dataset uploaded successfully.
2026-07-20 15:35:07,023 - INFO - Rows : 3
2026-07-20 15:35:07,023 - INFO - Columns : 3
2026-07-20 15:35:29,492 - INFO - Dataset uploaded successfully.
2026-07-20 15:35:29,492 - INFO - Rows : 5
2026-07-20 15:35:29,492 - INFO - Columns : 1
2026-07-21 12:49:46,993 - INFO - Dataset uploaded successfully.
2026-07-21 12:49:46,993 - INFO - Rows : 1000
2026-07-21 12:49:46,993 - INFO - Columns : 9
2026-07-21 13:38:49,176 - INFO - Dataset uploaded successfully.
2026-07-21 13:38:49,177 - INFO - Rows : 1000
2026-07-21 13:38:49,177 - INFO - Columns : 9
2026-07-21 14:00:14,488 - INFO - Dataset uploaded successfully.
2026-07-21 14:00:14,488 - INFO - Rows : 1000
2026-07-21 14:00:14,488 - INFO - Columns : 9
2026-07-21 14:01:54,877 - INFO - Dataset uploaded successfully.
2026-07-21 14:01:54,878 - INFO - Rows : 1000
2026-07-21 14:01:54,878 - INFO - Columns : 9
2026-07-21 14:11:32,627 - INFO - Dataset uploaded successfully.
2026-07-21 14:11:32,627 - INFO - Rows : 1000
2026-07-21 14:11:32,627 - INFO - Columns : 9
2026-07-21 14:11:51,707 - INFO - Dataset uploaded successfully.
2026-07-21 14:11:51,708 - INFO - Rows : 1000
2026-07-21 14:11:51,708 - INFO - Columns : 9
2026-07-21 14:12:04,225 - INFO - Dataset uploaded successfully.
2026-07-21 14:12:04,225 - INFO - Rows : 1000
2026-07-21 14:12:04,226 - INFO - Columns : 9
2026-07-21 14:12:11,400 - INFO - Dataset uploaded successfully.
2026-07-21 14:12:11,400 - INFO - Rows : 10
2026-07-21 14:12:11,400 - INFO - Columns : 5
2026-07-21 14:21:52,875 - INFO - Dataset uploaded successfully.
2026-07-21 14:21:52,875 - INFO - Rows : 10
2026-07-21 14:21:52,875 - INFO - Columns : 5
2026-07-21 14:22:00,308 - INFO - Dataset uploaded successfully.
2026-07-21 14:22:00,308 - INFO - Rows : 10
2026-07-21 14:22:00,308 - INFO - Columns : 5
2026-07-21 14:23:07,386 - INFO - Dataset uploaded successfully.
2026-07-21 14:23:07,386 - INFO - Rows : 10
2026-07-21 14:23:07,386 - INFO - Columns : 5
2026-07-21 14:23:15,127 - INFO - Dataset uploaded successfully.
2026-07-21 14:23:15,127 - INFO - Rows : 10
2026-07-21 14:23:15,127 - INFO - Columns : 5
2026-07-21 14:27:52,915 - INFO - Dataset uploaded successfully.
2026-07-21 14:27:52,916 - INFO - Rows : 5
2026-07-21 14:27:52,916 - INFO - Columns : 5
2026-07-21 14:29:44,947 - INFO - Dataset uploaded successfully.
2026-07-21 14:29:44,947 - INFO - Rows : 5
2026-07-21 14:29:44,947 - INFO - Columns : 5
2026-07-21 14:32:34,683 - INFO - Dataset uploaded successfully.
2026-07-21 14:32:34,683 - INFO - Rows : 10
2026-07-21 14:32:34,683 - INFO - Columns : 5
2026-07-21 15:27:48,522 - INFO - Dataset uploaded successfully.
2026-07-21 15:27:48,523 - INFO - Rows : 1000
2026-07-21 15:27:48,523 - INFO - Columns : 9
2026-07-21 17:15:24,138 - INFO - Dataset uploaded successfully.
2026-07-21 17:15:24,138 - INFO - Rows : 10
2026-07-21 17:15:24,138 - INFO - Columns : 5
2026-07-21 17:15:52,994 - INFO - Dataset uploaded successfully.
2026-07-21 17:15:52,994 - INFO - Rows : 1000
2026-07-21 17:15:52,994 - INFO - Columns : 9
2026-07-21 17:21:05,268 - INFO - Dataset uploaded successfully.
2026-07-21 17:21:05,268 - INFO - Rows : 8
2026-07-21 17:21:05,268 - INFO - Columns : 6
2026-07-21 17:21:11,248 - INFO - Dataset uploaded successfully.
2026-07-21 17:21:11,248 - INFO - Rows : 8
2026-07-21 17:21:11,248 - INFO - Columns : 6
2026-07-21 17:21:28,241 - INFO - Dataset uploaded successfully.
2026-07-21 17:21:28,242 - INFO - Rows : 8
2026-07-21 17:21:28,242 - INFO - Columns : 6
2026-07-21 17:30:36,983 - INFO - Dataset uploaded successfully.
2026-07-21 17:30:36,983 - INFO - Rows : 1000
2026-07-21 17:30:36,984 - INFO - Columns : 9
2026-07-21 17:34:13,863 - INFO - Dataset uploaded successfully.
2026-07-21 17:34:13,863 - INFO - Rows : 1000
2026-07-21 17:34:13,864 - INFO - Columns : 9
2026-07-21 17:40:01,777 - INFO - Dataset uploaded successfully.
2026-07-21 17:40:01,778 - INFO - Rows : 1000
2026-07-21 17:40:01,778 - INFO - Columns : 9
2026-07-21 17:43:49,629 - INFO - Dataset uploaded successfully.
2026-07-21 17:43:49,629 - INFO - Rows : 1000
2026-07-21 17:43:49,629 - INFO - Columns : 9
2026-07-22 12:45:35,389 - INFO - Dataset uploaded successfully.
2026-07-22 12:45:35,390 - INFO - Rows : 1000
2026-07-22 12:45:35,390 - INFO - Columns : 9
2026-07-22 12:45:40,952 - INFO - Dataset uploaded successfully.
2026-07-22 12:45:40,952 - INFO - Rows : 1000
2026-07-22 12:45:40,952 - INFO - Columns : 9
2026-07-22 12:45:43,509 - INFO - Dataset uploaded successfully.
2026-07-22 12:45:43,510 - INFO - Rows : 1000
2026-07-22 12:45:43,510 - INFO - Columns : 9
2026-07-22 12:45:44,966 - INFO - Dataset uploaded successfully.
2026-07-22 12:45:44,967 - INFO - Rows : 1000
2026-07-22 12:45:44,967 - INFO - Columns : 9
2026-07-22 12:49:21,320 - INFO - Dataset uploaded successfully.
2026-07-22 12:49:21,323 - INFO - Rows : 1000
2026-07-22 12:49:21,323 - INFO - Columns : 9
2026-07-22 15:13:15,739 - INFO - Dataset uploaded successfully.
2026-07-22 15:13:15,744 - INFO - Rows : 1000
2026-07-22 15:13:15,744 - INFO - Columns : 9
2026-07-22 15:13:34,608 - INFO - Dataset uploaded successfully.
2026-07-22 15:13:34,611 - INFO - Rows : 1000
2026-07-22 15:13:34,611 - INFO - Columns : 9
2026-07-22 15:14:02,625 - INFO - Dataset uploaded successfully.
2026-07-22 15:14:02,626 - INFO - Rows : 1000
2026-07-22 15:14:02,626 - INFO - Columns : 9
2026-07-22 15:17:19,455 - INFO - Dataset uploaded successfully.
2026-07-22 15:17:19,460 - INFO - Rows : 50
2026-07-22 15:17:19,460 - INFO - Columns : 9
2026-07-22 15:38:51,715 - INFO - Dataset uploaded successfully.
2026-07-22 15:38:51,715 - INFO - Rows: 50
2026-07-22 15:38:51,715 - INFO - Columns: 9
2026-07-22 15:51:59,015 - INFO - Dataset uploaded successfully.
2026-07-22 15:51:59,016 - INFO - Rows: 50
2026-07-22 15:51:59,016 - INFO - Columns: 9
